cnki_net_spider爬取开始！
2018-08-17 13:39:57
开始爬取第1页！
next_judge:	/kns/detail/detail.aspx?QueryID=0&CurRec=1&recid=&FileName=ZLYX20180815002&DbName=CAPJDAY&DbCode=CJFQ&yx=Y&pr=&URLID=11.2864.ts.20180817.1024.002
开始爬取第2页！
get_page_error:	http://kns.cnki.net/KCMS/detail/detail.aspx?FileName=ZSFX20170904014&DbCode=CJFQ&DbName=CAPJLAST
开始爬取第3页！
get_page_error:	http://kns.cnki.net/KCMS/detail/detail.aspx?FileName=AJSH20171207000&DbCode=CJFQ&DbName=CAPJLAST
开始爬取第4页！
get_page_error:	http://kns.cnki.net/KCMS/detail/detail.aspx?FileName=SWXZ20171226004&DbCode=CJFQ&DbName=CAPJLAST
get_page_error:	http://kns.cnki.net/KCMS/detail/detail.aspx?FileName=GFZT20180115003&DbCode=CJFQ&DbName=CAPJLAST
开始爬取第5页！
开始爬取第6页！
开始爬取第7页！
开始爬取第8页！
开始爬取第9页！
开始爬取第10页！
开始爬取第11页！
开始爬取第12页！
get_page_error:	http://kns.cnki.net/KCMS/detail/detail.aspx?FileName=GFZT2018061300C&DbCode=CJFQ&DbName=CAPJLAST
get_page_error:	http://kns.cnki.net/KCMS/detail/detail.aspx?FileName=YISX20180619000&DbCode=CJFQ&DbName=CAPJLAST
开始爬取第13页！
get_page_error:	http://kns.cnki.net/KCMS/detail/detail.aspx?FileName=GYAF20180625007&DbCode=CJFQ&DbName=CAPJLAST
get_page_error:	http://kns.cnki.net/KCMS/detail/detail.aspx?FileName=TLXJ20180627001&DbCode=CJFQ&DbName=CAPJLAST
开始爬取第14页！
开始爬取第15页！
=====sleeping300s=====
开始爬取第16页！
get_page_error:	http://kns.cnki.net/KCMS/detail/detail.aspx?FileName=XXJK2018071600M&DbCode=CJFQ&DbName=CAPJLAST
开始爬取第17页！
开始爬取第18页！
get_page_error:	http://kns.cnki.net/KCMS/detail/detail.aspx?FileName=IAOB20180726003&DbCode=CJFQ&DbName=CAPJLAST
get_page_error:	http://kns.cnki.net/KCMS/detail/detail.aspx?FileName=ZNQY2018073000M&DbCode=CJFQ&DbName=CAPJLAST
get_page_error:	http://kns.cnki.net/KCMS/detail/detail.aspx?FileName=NMXK2018073000E&DbCode=CJFQ&DbName=CAPJLAST
get_page_error:	http://kns.cnki.net/KCMS/detail/detail.aspx?FileName=NMXK2018073000G&DbCode=CJFQ&DbName=CAPJLAST
开始爬取第19页！
开始爬取第20页！
get_page_error:	http://kns.cnki.net/KCMS/detail/detail.aspx?FileName=JDXX20180809009&DbCode=CJFQ&DbName=CAPJLAST
get_page_error:	http://kns.cnki.net/KCMS/detail/detail.aspx?FileName=HGSZ20180814001&DbCode=CJFQ&DbName=CAPJLAST
get_page_error:	http://kns.cnki.net/KCMS/detail/detail.aspx?FileName=SWZP2018081600N&DbCode=CJFQ&DbName=CAPJLAST
get_page_error:	http://kns.cnki.net/KCMS/detail/detail.aspx?FileName=SXYD20180816004&DbCode=CJFQ&DbName=CAPJLAST
get_page_error:	http://kns.cnki.net/KCMS/detail/detail.aspx?FileName=SXYD20180816005&DbCode=CJFQ&DbName=CAPJLAST
get_page_error:	http://kns.cnki.net/KCMS/detail/detail.aspx?FileName=SXYD20180816006&DbCode=CJFQ&DbName=CAPJLAST
get_page_error:	http://kns.cnki.net/KCMS/detail/detail.aspx?FileName=SXYD2018081600A&DbCode=CJFQ&DbName=CAPJLAST
get_page_error:	http://kns.cnki.net/KCMS/detail/detail.aspx?FileName=SXYD2018081600B&DbCode=CJFQ&DbName=CAPJLAST
get_page_error:	http://kns.cnki.net/KCMS/detail/detail.aspx?FileName=YNBZ2018081600I&DbCode=CJFQ&DbName=CAPJLAST
get_page_error:	http://kns.cnki.net/KCMS/detail/detail.aspx?FileName=ZJTY2018081601I&DbCode=CJFQ&DbName=CAPJLAST
开始爬取第21页！
get_page_error:	http://kns.cnki.net/KCMS/detail/detail.aspx?FileName=ZJTY2018081601K&DbCode=CJFQ&DbName=CAPJLAST
get_page_error:	http://kns.cnki.net/KCMS/detail/detail.aspx?FileName=FJQF201806014&DbCode=CJFQ&DbName=CJFDTEMP
get_page_error:	http://kns.cnki.net/KCMS/detail/detail.aspx?FileName=WHSP201803024&DbCode=CJFQ&DbName=CJFDTEMP
开始爬取第22页！
get_page_error:	http://kns.cnki.net/KCMS/detail/detail.aspx?FileName=SHJT201806001&DbCode=CJFQ&DbName=CJFDTEMP
get_page_error:	http://kns.cnki.net/KCMS/detail/detail.aspx?FileName=SXLX201807045&DbCode=CJFQ&DbName=CJFDTEMP
get_page_error:	http://kns.cnki.net/KCMS/detail/detail.aspx?FileName=SXLX201807010&DbCode=CJFQ&DbName=CJFDTEMP
get_page_error:	http://kns.cnki.net/KCMS/detail/detail.aspx?FileName=MLWZ201806025&DbCode=CJFQ&DbName=CJFDTEMP
开始爬取第23页！
get_page_error:	http://kns.cnki.net/KCMS/detail/detail.aspx?FileName=KYYX201806016&DbCode=CJFQ&DbName=CJFDTEMP
get_page_error:	http://kns.cnki.net/KCMS/detail/detail.aspx?FileName=WCYX201803003&DbCode=CJFQ&DbName=CJFDTEMP
get_page_error:	http://kns.cnki.net/KCMS/detail/detail.aspx?FileName=HYUY201804032&DbCode=CJFQ&DbName=CJFDTEMP
get_page_error:	http://kns.cnki.net/KCMS/detail/detail.aspx?FileName=SULA201803016&DbCode=CJFQ&DbName=CJFDTEMP
开始爬取第24页！
get_page_error:	http://kns.cnki.net/KCMS/detail/detail.aspx?FileName=HBFD201806021&DbCode=CJFQ&DbName=CJFDTEMP
get_page_error:	http://kns.cnki.net/KCMS/detail/detail.aspx?FileName=HLJK201803024&DbCode=CJFQ&DbName=CJFDTEMP
get_page_error:	http://kns.cnki.net/KCMS/detail/detail.aspx?FileName=NXLY201705017&DbCode=CJFQ&DbName=CJFDTEMP
get_page_error:	http://kns.cnki.net/KCMS/detail/detail.aspx?FileName=HLJX201813068&DbCode=CJFQ&DbName=CJFDTEMP
get_page_error:	http://kns.cnki.net/KCMS/detail/detail.aspx?FileName=ZHUY201806002&DbCode=CJFQ&DbName=CJFDTEMP
get_page_error:	http://kns.cnki.net/KCMS/detail/detail.aspx?FileName=HLJX201813066&DbCode=CJFQ&DbName=CJFDTEMP
开始爬取第25页！
get_page_error:	http://kns.cnki.net/KCMS/detail/detail.aspx?FileName=HYUY201804024&DbCode=CJFQ&DbName=CJFDTEMP
get_page_error:	http://kns.cnki.net/KCMS/detail/detail.aspx?FileName=HYUY201804028&DbCode=CJFQ&DbName=CJFDTEMP
get_page_error:	http://kns.cnki.net/KCMS/detail/detail.aspx?FileName=HYUY201804030&DbCode=CJFQ&DbName=CJFDTEMP
get_page_error:	http://kns.cnki.net/KCMS/detail/detail.aspx?FileName=HYUY201804005&DbCode=CJFQ&DbName=CJFDTEMP
get_page_error:	http://kns.cnki.net/KCMS/detail/detail.aspx?FileName=HYUY201804036&DbCode=CJFQ&DbName=CJFDTEMP
get_page_error:	http://kns.cnki.net/KCMS/detail/detail.aspx?FileName=YJZG201803034&DbCode=CJFQ&DbName=CJFDTEMP
get_page_error:	http://kns.cnki.net/KCMS/detail/detail.aspx?FileName=YNWS201807030&DbCode=CJFQ&DbName=CJFDTEMP
get_page_error:	http://kns.cnki.net/KCMS/detail/detail.aspx?FileName=YNWS201807031&DbCode=CJFQ&DbName=CJFDTEMP
get_page_error:	http://kns.cnki.net/KCMS/detail/detail.aspx?FileName=YNWS201807034&DbCode=CJFQ&DbName=CJFDTEMP
get_page_error:	http://kns.cnki.net/KCMS/detail/detail.aspx?FileName=SZZX201808099&DbCode=CJFQ&DbName=CJFDTEMP
get_page_error:	http://kns.cnki.net/KCMS/detail/detail.aspx?FileName=BTYX201806052&DbCode=CJFQ&DbName=CJFDTEMP
get_page_error:	http://kns.cnki.net/KCMS/detail/detail.aspx?FileName=SWZF201809042&DbCode=CJFQ&DbName=CJFDTEMP
get_page_error:	http://kns.cnki.net/KCMS/detail/detail.aspx?FileName=JSGZ201807013&DbCode=CJFQ&DbName=CJFDTEMP
get_page_error:	http://kns.cnki.net/KCMS/detail/detail.aspx?FileName=KJNJ201806101&DbCode=CJFQ&DbName=CJFDTEMP
get_page_error:	http://kns.cnki.net/KCMS/detail/detail.aspx?FileName=KJZG201807030&DbCode=CJFQ&DbName=CJFDTEMP
get_page_error:	http://kns.cnki.net/KCMS/detail/detail.aspx?FileName=GXNB201806086&DbCode=CJFQ&DbName=CJFDTEMP
get_page_error:	http://kns.cnki.net/KCMS/detail/detail.aspx?FileName=CXTX201801014&DbCode=CJFQ&DbName=CJFDTEMP
get_page_error:	http://kns.cnki.net/KCMS/detail/detail.aspx?FileName=XDYU201806053&DbCode=CJFQ&DbName=CJFDTEMP
开始爬取第26页！
get_page_error:	http://kns.cnki.net/KCMS/detail/detail.aspx?FileName=SHJA201803019&DbCode=CJFQ&DbName=CJFDTEMP
get_page_error:	http://kns.cnki.net/KCMS/detail/detail.aspx?FileName=DWTQ201803014&DbCode=CJFQ&DbName=CJFDTEMP
get_page_error:	http://kns.cnki.net/KCMS/detail/detail.aspx?FileName=CLDB201812004&DbCode=CJFQ&DbName=CJFDTEMP
get_page_error:	http://kns.cnki.net/KCMS/detail/detail.aspx?FileName=FZZW201813014&DbCode=CJFQ&DbName=CJFDTEMP
get_page_error:	http://kns.cnki.net/KCMS/detail/detail.aspx?FileName=GXNB201806043&DbCode=CJFQ&DbName=CJFDTEMP
get_page_error:	http://kns.cnki.net/KCMS/detail/detail.aspx?FileName=FZZW201813016&DbCode=CJFQ&DbName=CJFDTEMP
get_page_error:	http://kns.cnki.net/KCMS/detail/detail.aspx?FileName=FZZW201813061&DbCode=CJFQ&DbName=CJFDTEMP
get_page_error:	http://kns.cnki.net/KCMS/detail/detail.aspx?FileName=GXNB201806001&DbCode=CJFQ&DbName=CJFDTEMP
get_page_error:	http://kns.cnki.net/KCMS/detail/detail.aspx?FileName=GXNB201806084&DbCode=CJFQ&DbName=CJFDTEMP
get_page_error:	http://kns.cnki.net/KCMS/detail/detail.aspx?FileName=NMZF201812241&DbCode=CJFQ&DbName=CJFDTEMP
get_page_error:	http://kns.cnki.net/KCMS/detail/detail.aspx?FileName=NMZF201812059&DbCode=CJFQ&DbName=CJFDTEMP
get_page_error:	http://kns.cnki.net/KCMS/detail/detail.aspx?FileName=NMZF201812074&DbCode=CJFQ&DbName=CJFDTEMP
get_page_error:	http://kns.cnki.net/KCMS/detail/detail.aspx?FileName=NMZF201812040&DbCode=CJFQ&DbName=CJFDTEMP
get_page_error:	http://kns.cnki.net/KCMS/detail/detail.aspx?FileName=NMZF201812101&DbCode=CJFQ&DbName=CJFDTEMP
开始爬取第27页！
suberror
get_page_error:	http://kns.cnki.net/KCMS/detail/detail.aspx?FileName=NMZF201812032&DbCode=CJFQ&DbName=CJFDTEMP
get_page_error:	http://kns.cnki.net/KCMS/detail/detail.aspx?FileName=NMZF201812186&DbCode=CJFQ&DbName=CJFDTEMP
get_page_error:	http://kns.cnki.net/KCMS/detail/detail.aspx?FileName=NMZF201812233&DbCode=CJFQ&DbName=CJFDTEMP
get_page_error:	http://kns.cnki.net/KCMS/detail/detail.aspx?FileName=YYGL201807021&DbCode=CJFQ&DbName=CJFDTEMP
get_page_error:	http://kns.cnki.net/KCMS/detail/detail.aspx?FileName=GXKE201811008&DbCode=CJFQ&DbName=CJFDTEMP
get_page_error:	http://kns.cnki.net/KCMS/detail/detail.aspx?FileName=YXZB201807018&DbCode=CJFQ&DbName=CJFDTEMP
开始爬取第28页！
get_page_error:	http://kns.cnki.net/KCMS/detail/detail.aspx?FileName=SWZP201807027&DbCode=CJFQ&DbName=CJFDTEMP
get_page_error:	http://kns.cnki.net/KCMS/detail/detail.aspx?FileName=SWZP201807028&DbCode=CJFQ&DbName=CJFDTEMP
get_page_error:	http://kns.cnki.net/KCMS/detail/detail.aspx?FileName=GHBL201816033&DbCode=CJFQ&DbName=CJFDTEMP
get_page_error:	http://kns.cnki.net/KCMS/detail/detail.aspx?FileName=RMSF201802011&DbCode=CJFQ&DbName=CJFDTEMP
get_page_error:	http://kns.cnki.net/KCMS/detail/detail.aspx?FileName=CXTX201801017&DbCode=CJFQ&DbName=CJFDTEMP
get_page_error:	http://kns.cnki.net/KCMS/detail/detail.aspx?FileName=CXTX201801001&DbCode=CJFQ&DbName=CJFDTEMP
get_page_error:	http://kns.cnki.net/KCMS/detail/detail.aspx?FileName=HLWA201806003&DbCode=CJFQ&DbName=CJFDTEMP
get_page_error:	http://kns.cnki.net/KCMS/detail/detail.aspx?FileName=JSYW201812013&DbCode=CJFQ&DbName=CJFDTEMP
get_page_error:	http://kns.cnki.net/KCMS/detail/detail.aspx?FileName=ZXSJ201821019&DbCode=CJFQ&DbName=CJFDTEMP
get_page_error:	http://kns.cnki.net/KCMS/detail/detail.aspx?FileName=LLDD201806008&DbCode=CJFQ&DbName=CJFDTEMP
get_page_error:	http://kns.cnki.net/KCMS/detail/detail.aspx?FileName=FBLI201803028&DbCode=CJFQ&DbName=CJFDTEMP
get_page_error:	http://kns.cnki.net/KCMS/detail/detail.aspx?FileName=ZIGU200006035&DbCode=CJFQ&DbName=CJFDTEMP
get_page_error:	http://kns.cnki.net/KCMS/detail/detail.aspx?FileName=JPXZ201501037&DbCode=CJFQ&DbName=CJFDTEMP
get_page_error:	http://kns.cnki.net/KCMS/detail/detail.aspx?FileName=NYHN201631053&DbCode=CJFQ&DbName=CJFDTEMP
开始爬取第29页！
get_page_error:	http://kns.cnki.net/KCMS/detail/detail.aspx?FileName=DZXE2015S1121&DbCode=CJFQ&DbName=CJFDTEMP
get_page_error:	http://kns.cnki.net/KCMS/detail/detail.aspx?FileName=DZXE2015S1033&DbCode=CJFQ&DbName=CJFDTEMP
get_page_error:	http://kns.cnki.net/KCMS/detail/detail.aspx?FileName=DZXE2015S1042&DbCode=CJFQ&DbName=CJFDTEMP
get_page_error:	http://kns.cnki.net/KCMS/detail/detail.aspx?FileName=XCLY201806006&DbCode=CJFQ&DbName=CJFDTEMP
get_page_error:	http://kns.cnki.net/KCMS/detail/detail.aspx?FileName=HLDX201803026&DbCode=CJFQ&DbName=CJFDTEMP
get_page_error:	http://kns.cnki.net/KCMS/detail/detail.aspx?FileName=SDPK201803001&DbCode=CJFQ&DbName=CJFDTEMP
get_page_error:	http://kns.cnki.net/KCMS/detail/detail.aspx?FileName=SDPK201803010&DbCode=CJFQ&DbName=CJFDTEMP
get_page_error:	http://kns.cnki.net/KCMS/detail/detail.aspx?FileName=RLJZ201501015&DbCode=CJFQ&DbName=CJFDTEMP
get_page_error:	http://kns.cnki.net/KCMS/detail/detail.aspx?FileName=MYGJ201803029&DbCode=CJFQ&DbName=CJFDTEMP
开始爬取第30页！
=====sleeping300s=====
get_page_error:	http://kns.cnki.net/KCMS/detail/detail.aspx?FileName=MYGJ201803029&DbCode=CJFQ&DbName=CJFDTEMP
get_page_error:	http://kns.cnki.net/KCMS/detail/detail.aspx?FileName=NYHN201628025&DbCode=CJFQ&DbName=CJFDTEMP
get_page_error:	http://kns.cnki.net/KCMS/detail/detail.aspx?FileName=NYHN201631036&DbCode=CJFQ&DbName=CJFDTEMP
get_page_error:	http://kns.cnki.net/KCMS/detail/detail.aspx?FileName=LYCY201608026&DbCode=CJFQ&DbName=CJFDTEMP
get_page_error:	http://kns.cnki.net/KCMS/detail/detail.aspx?FileName=NYHN201628037&DbCode=CJFQ&DbName=CJFDTEMP
get_page_error:	http://kns.cnki.net/KCMS/detail/detail.aspx?FileName=SLGZ201507009&DbCode=CJFQ&DbName=CJFDTEMP
get_page_error:	http://kns.cnki.net/KCMS/detail/detail.aspx?FileName=HLJX201708079&DbCode=CJFQ&DbName=CJFDTEMP
get_page_error:	http://kns.cnki.net/KCMS/detail/detail.aspx?FileName=HLJX201708088&DbCode=CJFQ&DbName=CJFDTEMP
get_page_error:	http://kns.cnki.net/KCMS/detail/detail.aspx?FileName=HLJX201708119&DbCode=CJFQ&DbName=CJFDTEMP
get_page_error:	http://kns.cnki.net/KCMS/detail/detail.aspx?FileName=CJJI201707018&DbCode=CJFQ&DbName=CJFDTEMP
get_page_error:	http://kns.cnki.net/KCMS/detail/detail.aspx?FileName=ZJYB201501013&DbCode=CJFQ&DbName=CJFDTEMP
get_page_error:	http://kns.cnki.net/KCMS/detail/detail.aspx?FileName=ZJYB201602001&DbCode=CJFQ&DbName=CJFDTEMP
get_page_error:	http://kns.cnki.net/KCMS/detail/detail.aspx?FileName=AMYD201514090&DbCode=CJFQ&DbName=CJFDTEMP
get_page_error:	http://kns.cnki.net/KCMS/detail/detail.aspx?FileName=JPXZ201606026&DbCode=CJFQ&DbName=CJFDTEMP
get_page_error:	http://kns.cnki.net/KCMS/detail/detail.aspx?FileName=ZJYB201405028&DbCode=CJFQ&DbName=CJFDTEMP
get_page_error:	http://kns.cnki.net/KCMS/detail/detail.aspx?FileName=ZJYE201502027&DbCode=CJFQ&DbName=CJFDTEMP
get_page_error:	http://kns.cnki.net/KCMS/detail/detail.aspx?FileName=LCSB201505001&DbCode=CJFQ&DbName=CJFDTEMP
开始爬取第31页！
get_page_error:	http://kns.cnki.net/KCMS/detail/detail.aspx?FileName=HXCH201502012&DbCode=CJFQ&DbName=CJFDTEMP
get_page_error:	http://kns.cnki.net/KCMS/detail/detail.aspx?FileName=OUTL201702024&DbCode=CJFQ&DbName=CJFDTEMP
get_page_error:	http://kns.cnki.net/KCMS/detail/detail.aspx?FileName=KJHU201506021&DbCode=CJFQ&DbName=CJFDTEMP
get_page_error:	http://kns.cnki.net/KCMS/detail/detail.aspx?FileName=DSHH201308042&DbCode=CJFQ&DbName=CJFDTEMP
get_page_error:	http://kns.cnki.net/KCMS/detail/detail.aspx?FileName=ZIGU200010001&DbCode=CJFQ&DbName=CJFDTEMP
get_page_error:	http://kns.cnki.net/KCMS/detail/detail.aspx?FileName=ZIGU199607018&DbCode=CJFQ&DbName=CJFDTEMP
get_page_error:	http://kns.cnki.net/KCMS/detail/detail.aspx?FileName=DSEH2015Z1015&DbCode=CJFQ&DbName=CJFDTEMP
开始爬取第32页！
get_page_error:	http://kns.cnki.net/KCMS/detail/detail.aspx?FileName=LYCY201610026&DbCode=CJFQ&DbName=CJFDTEMP
get_page_error:	http://kns.cnki.net/KCMS/detail/detail.aspx?FileName=ZIGU199610038&DbCode=CJFQ&DbName=CJFDTEMP
get_page_error:	http://kns.cnki.net/KCMS/detail/detail.aspx?FileName=LYCY201611008&DbCode=CJFQ&DbName=CJFDTEMP
get_page_error:	http://kns.cnki.net/KCMS/detail/detail.aspx?FileName=ZIGU200204035&DbCode=CJFQ&DbName=CJFDTEMP
get_page_error:	http://kns.cnki.net/KCMS/detail/detail.aspx?FileName=ZIGU200204036&DbCode=CJFQ&DbName=CJFDTEMP
get_page_error:	http://kns.cnki.net/KCMS/detail/detail.aspx?FileName=LYCY201611009&DbCode=CJFQ&DbName=CJFDTEMP
get_page_error:	http://kns.cnki.net/KCMS/detail/detail.aspx?FileName=GOCH201501010&DbCode=CJFQ&DbName=CJFDTEMP
get_page_error:	http://kns.cnki.net/KCMS/detail/detail.aspx?FileName=SWHZ201708014&DbCode=CJFQ&DbName=CJFDTEMP
get_page_error:	http://kns.cnki.net/KCMS/detail/detail.aspx?FileName=WSXB201807002&DbCode=CJFQ&DbName=CJFDTEMP
get_page_error:	http://kns.cnki.net/KCMS/detail/detail.aspx?FileName=SJKF201803009&DbCode=CJFQ&DbName=CJFDTEMP
get_page_error:	http://kns.cnki.net/KCMS/detail/detail.aspx?FileName=LYCY2016Z1089&DbCode=CJFQ&DbName=CJFDTEMP
get_page_error:	http://kns.cnki.net/KCMS/detail/detail.aspx?FileName=ZHOU201507021&DbCode=CJFQ&DbName=CJFDTEMP
get_page_error:	http://kns.cnki.net/KCMS/detail/detail.aspx?FileName=RZQW201803015&DbCode=CJFQ&DbName=CJFDTEMP
get_page_error:	http://kns.cnki.net/KCMS/detail/detail.aspx?FileName=HBNY201715049&DbCode=CJFQ&DbName=CJFDTEMP
get_page_error:	http://kns.cnki.net/KCMS/detail/detail.aspx?FileName=XFZG200504025&DbCode=CJFQ&DbName=CJFDTEMP
开始爬取第33页！
get_page_error:	http://kns.cnki.net/KCMS/detail/detail.aspx?FileName=LYCY201603033&DbCode=CJFQ&DbName=CJFDTEMP
get_page_error:	http://kns.cnki.net/KCMS/detail/detail.aspx?FileName=ZYJJ201802002&DbCode=CJFQ&DbName=CJFDTEMP
get_page_error:	http://kns.cnki.net/KCMS/detail/detail.aspx?FileName=XFZG201011041&DbCode=CJFQ&DbName=CJFDTEMP
get_page_error:	http://kns.cnki.net/KCMS/detail/detail.aspx?FileName=DSJI200803034&DbCode=CJFQ&DbName=CJFDTEMP
get_page_error:	http://kns.cnki.net/KCMS/detail/detail.aspx?FileName=HBNY201715052&DbCode=CJFQ&DbName=CJFDTEMP
get_page_error:	http://kns.cnki.net/KCMS/detail/detail.aspx?FileName=LYCY201605015&DbCode=CJFQ&DbName=CJFDTEMP
get_page_error:	http://kns.cnki.net/KCMS/detail/detail.aspx?FileName=XMZY201806006&DbCode=CJFQ&DbName=CJFDTEMP
get_page_error:	http://kns.cnki.net/KCMS/detail/detail.aspx?FileName=XMZY201806104&DbCode=CJFQ&DbName=CJFDTEMP
get_page_error:	http://kns.cnki.net/KCMS/detail/detail.aspx?FileName=ZYJJ201802017&DbCode=CJFQ&DbName=CJFDTEMP
get_page_error:	http://kns.cnki.net/KCMS/detail/detail.aspx?FileName=JPXZ201605040&DbCode=CJFQ&DbName=CJFDTEMP
开始爬取第34页！
get_page_error:	http://kns.cnki.net/KCMS/detail/detail.aspx?FileName=AMYD201617038&DbCode=CJFQ&DbName=CJFDTEMP
get_page_error:	http://kns.cnki.net/KCMS/detail/detail.aspx?FileName=ZJYB201404030&DbCode=CJFQ&DbName=CJFDTEMP
get_page_error:	http://kns.cnki.net/KCMS/detail/detail.aspx?FileName=ZJYB201404021&DbCode=CJFQ&DbName=CJFDTEMP
get_page_error:	http://kns.cnki.net/KCMS/detail/detail.aspx?FileName=ZJYB201406016&DbCode=CJFQ&DbName=CJFDTEMP
get_page_error:	http://kns.cnki.net/KCMS/detail/detail.aspx?FileName=LCSB201507012&DbCode=CJFQ&DbName=CJFDTEMP
get_page_error:	http://kns.cnki.net/KCMS/detail/detail.aspx?FileName=ZJYB201404024&DbCode=CJFQ&DbName=CJFDTEMP
get_page_error:	http://kns.cnki.net/KCMS/detail/detail.aspx?FileName=ZJYB201404007&DbCode=CJFQ&DbName=CJFDTEMP
get_page_error:	http://kns.cnki.net/KCMS/detail/detail.aspx?FileName=ZJYB201404027&DbCode=CJFQ&DbName=CJFDTEMP
get_page_error:	http://kns.cnki.net/KCMS/detail/detail.aspx?FileName=LCSB201501001&DbCode=CJFQ&DbName=CJFDTEMP
开始爬取第35页！
get_page_error:	http://kns.cnki.net/KCMS/detail/detail.aspx?FileName=ZJYB201503003&DbCode=CJFQ&DbName=CJFDTEMP
get_page_error:	http://kns.cnki.net/KCMS/detail/detail.aspx?FileName=ZHOU201507041&DbCode=CJFQ&DbName=CJFDTEMP
get_page_error:	http://kns.cnki.net/KCMS/detail/detail.aspx?FileName=ZIGU200009001&DbCode=CJFQ&DbName=CJFDTEMP
get_page_error:	http://kns.cnki.net/KCMS/detail/detail.aspx?FileName=KJNJ201710089&DbCode=CJFQ&DbName=CJFDTEMP
get_page_error:	http://kns.cnki.net/KCMS/detail/detail.aspx?FileName=KJNJ201710094&DbCode=CJFQ&DbName=CJFDTEMP
get_page_error:	http://kns.cnki.net/KCMS/detail/detail.aspx?FileName=KJNJ201710096&DbCode=CJFQ&DbName=CJFDTEMP
get_page_error:	http://kns.cnki.net/KCMS/detail/detail.aspx?FileName=QSTY201702026&DbCode=CJFQ&DbName=CJFDTEMP
get_page_error:	http://kns.cnki.net/KCMS/detail/detail.aspx?FileName=SZTG200604026&DbCode=CJFQ&DbName=CJFDTEMP
get_page_error:	http://kns.cnki.net/KCMS/detail/detail.aspx?FileName=SZTG200604023&DbCode=CJFQ&DbName=CJFDTEMP
get_page_error:	http://kns.cnki.net/KCMS/detail/detail.aspx?FileName=SZTG200604027&DbCode=CJFQ&DbName=CJFDTEMP
get_page_error:	http://kns.cnki.net/KCMS/detail/detail.aspx?FileName=RZQW201803011&DbCode=CJFQ&DbName=CJFDTEMP
get_page_error:	http://kns.cnki.net/KCMS/detail/detail.aspx?FileName=LYCY201603015&DbCode=CJFQ&DbName=CJFDTEMP
get_page_error:	http://kns.cnki.net/KCMS/detail/detail.aspx?FileName=ZIGU199902037&DbCode=CJFQ&DbName=CJFDTEMP
get_page_error:	http://kns.cnki.net/KCMS/detail/detail.aspx?FileName=ZGDB201806006&DbCode=CJFQ&DbName=CJFDTEMP
get_page_error:	http://kns.cnki.net/KCMS/detail/detail.aspx?FileName=ZGDB201806008&DbCode=CJFQ&DbName=CJFDTEMP
get_page_error:	http://kns.cnki.net/KCMS/detail/detail.aspx?FileName=XIXX201807075&DbCode=CJFQ&DbName=CJFDTEMP
get_page_error:	http://kns.cnki.net/KCMS/detail/detail.aspx?FileName=FSDT201825041&DbCode=CJFQ&DbName=CJFDTEMP
get_page_error:	http://kns.cnki.net/KCMS/detail/detail.aspx?FileName=SWJT201806031&DbCode=CJFQ&DbName=CJFDTEMP
开始爬取第36页！
get_page_error:	http://kns.cnki.net/KCMS/detail/detail.aspx?FileName=JXSI201803018&DbCode=CJFQ&DbName=CJFDTEMP
get_page_error:	http://kns.cnki.net/KCMS/detail/detail.aspx?FileName=SPAJ201811023&DbCode=CJFQ&DbName=CJFDTEMP
get_page_error:	http://kns.cnki.net/KCMS/detail/detail.aspx?FileName=QHNG201802005&DbCode=CJFQ&DbName=CJFDTEMP
get_page_error:	http://kns.cnki.net/KCMS/detail/detail.aspx?FileName=QHNG201802046&DbCode=CJFQ&DbName=CJFDTEMP
get_page_error:	http://kns.cnki.net/KCMS/detail/detail.aspx?FileName=SPAJ201811051&DbCode=CJFQ&DbName=CJFDTEMP
get_page_error:	http://kns.cnki.net/KCMS/detail/detail.aspx?FileName=KXYY201806041&DbCode=CJFQ&DbName=CJFDTEMP
get_page_error:	http://kns.cnki.net/KCMS/detail/detail.aspx?FileName=HQYT201806028&DbCode=CJFQ&DbName=CJFDTEMP
get_page_error:	http://kns.cnki.net/KCMS/detail/detail.aspx?FileName=ZGCJ201806024&DbCode=CJFQ&DbName=CJFDTEMP
get_page_error:	http://kns.cnki.net/KCMS/detail/detail.aspx?FileName=GNZY201807025&DbCode=CJFQ&DbName=CJFDTEMP
get_page_error:	http://kns.cnki.net/KCMS/detail/detail.aspx?FileName=GNZY201807019&DbCode=CJFQ&DbName=CJFDTEMP
get_page_error:	http://kns.cnki.net/KCMS/detail/detail.aspx?FileName=NYSJ201803006&DbCode=CJFQ&DbName=CJFDTEMP
get_page_error:	http://kns.cnki.net/KCMS/detail/detail.aspx?FileName=NYSJ201803007&DbCode=CJFQ&DbName=CJFDTEMP
开始爬取第37页！
get_page_error:	http://kns.cnki.net/KCMS/detail/detail.aspx?FileName=GDLY201803028&DbCode=CJFQ&DbName=CJFDTEMP
get_page_error:	http://kns.cnki.net/KCMS/detail/detail.aspx?FileName=KXYY201806042&DbCode=CJFQ&DbName=CJFDTEMP
get_page_error:	http://kns.cnki.net/KCMS/detail/detail.aspx?FileName=KXYY201806067&DbCode=CJFQ&DbName=CJFDTEMP
get_page_error:	http://kns.cnki.net/KCMS/detail/detail.aspx?FileName=KXYY201806068&DbCode=CJFQ&DbName=CJFDTEMP
get_page_error:	http://kns.cnki.net/KCMS/detail/detail.aspx?FileName=XNLX201807032&DbCode=CJFQ&DbName=CJFDTEMP
get_page_error:	http://kns.cnki.net/KCMS/detail/detail.aspx?FileName=XNLX201807033&DbCode=CJFQ&DbName=CJFDTEMP
开始爬取第38页！
get_page_error:	http://kns.cnki.net/KCMS/detail/detail.aspx?FileName=XNLX201807031&DbCode=CJFQ&DbName=CJFDTEMP
get_page_error:	http://kns.cnki.net/KCMS/detail/detail.aspx?FileName=ZYJK201814038&DbCode=CJFQ&DbName=CJFDTEMP
get_page_error:	http://kns.cnki.net/KCMS/detail/detail.aspx?FileName=XDKF201816030&DbCode=CJFQ&DbName=CJFDTEMP
get_page_error:	http://kns.cnki.net/KCMS/detail/detail.aspx?FileName=SXLC201807018&DbCode=CJFQ&DbName=CJFDTEMP
get_page_error:	http://kns.cnki.net/KCMS/detail/detail.aspx?FileName=XCHJ201807029&DbCode=CJFQ&DbName=CJFDTEMP
get_page_error:	http://kns.cnki.net/KCMS/detail/detail.aspx?FileName=YSXA201803001&DbCode=CJFQ&DbName=CJFDTEMP
get_page_error:	http://kns.cnki.net/KCMS/detail/detail.aspx?FileName=GYWE201704005&DbCode=CJFQ&DbName=CJFDTEMP
get_page_error:	http://kns.cnki.net/KCMS/detail/detail.aspx?FileName=ZLJJ201807035&DbCode=CJFQ&DbName=CJFDTEMP
get_page_error:	http://kns.cnki.net/KCMS/detail/detail.aspx?FileName=JJZX201807035&DbCode=CJFQ&DbName=CJFDTEMP
get_page_error:	http://kns.cnki.net/KCMS/detail/detail.aspx?FileName=JJZX201807007&DbCode=CJFQ&DbName=CJFDTEMP
get_page_error:	http://kns.cnki.net/KCMS/detail/detail.aspx?FileName=JJZX201807026&DbCode=CJFQ&DbName=CJFDTEMP
开始爬取第39页！
get_page_error:	http://kns.cnki.net/KCMS/detail/detail.aspx?FileName=JJZX201807004&DbCode=CJFQ&DbName=CJFDTEMP
get_page_error:	http://kns.cnki.net/KCMS/detail/detail.aspx?FileName=WOOD201803014&DbCode=CJFQ&DbName=CJFDTEMP
get_page_error:	http://kns.cnki.net/KCMS/detail/detail.aspx?FileName=XIBA201804027&DbCode=CJFQ&DbName=CJFDTEMP
get_page_error:	http://kns.cnki.net/KCMS/detail/detail.aspx?FileName=BIOM201802005&DbCode=CJFQ&DbName=CJFDTEMP
get_page_error:	http://kns.cnki.net/KCMS/detail/detail.aspx?FileName=NXSH201806041&DbCode=CJFQ&DbName=CJFDTEMP
get_page_error:	http://kns.cnki.net/KCMS/detail/detail.aspx?FileName=LJYX201802013&DbCode=CJFQ&DbName=CJFDTEMP
get_page_error:	http://kns.cnki.net/KCMS/detail/detail.aspx?FileName=FZZK201804025&DbCode=CJFQ&DbName=CJFDTEMP
get_page_error:	http://kns.cnki.net/KCMS/detail/detail.aspx?FileName=NHFZ201804014&DbCode=CJFQ&DbName=CJFDTEMP
开始爬取第40页！
get_page_error:	http://kns.cnki.net/KCMS/detail/detail.aspx?FileName=NHFZ201804015&DbCode=CJFQ&DbName=CJFDTEMP
get_page_error:	http://kns.cnki.net/KCMS/detail/detail.aspx?FileName=XDNY201806064&DbCode=CJFQ&DbName=CJFDTEMP
get_page_error:	http://kns.cnki.net/KCMS/detail/detail.aspx?FileName=HNXB201809026&DbCode=CJFQ&DbName=CJFDTEMP
get_page_error:	http://kns.cnki.net/KCMS/detail/detail.aspx?FileName=HNXB201809027&DbCode=CJFQ&DbName=CJFDTEMP
get_page_error:	http://kns.cnki.net/KCMS/detail/detail.aspx?FileName=JNYZ201815009&DbCode=CJFQ&DbName=CJFDTEMP
get_page_error:	http://kns.cnki.net/KCMS/detail/detail.aspx?FileName=LNNY201803031&DbCode=CJFQ&DbName=CJFDTEMP
get_page_error:	http://kns.cnki.net/KCMS/detail/detail.aspx?FileName=TJXM201806007&DbCode=CJFQ&DbName=CJFDTEMP
get_page_error:	http://kns.cnki.net/KCMS/detail/detail.aspx?FileName=TJXM201806018&DbCode=CJFQ&DbName=CJFDTEMP
get_page_error:	http://kns.cnki.net/KCMS/detail/detail.aspx?FileName=TJXM201806021&DbCode=CJFQ&DbName=CJFDTEMP
开始爬取第41页！
get_page_error:	http://kns.cnki.net/KCMS/detail/detail.aspx?FileName=XDNY201806079&DbCode=CJFQ&DbName=CJFDTEMP
get_page_error:	http://kns.cnki.net/KCMS/detail/detail.aspx?FileName=WSZG201807028&DbCode=CJFQ&DbName=CJFDTEMP
get_page_error:	http://kns.cnki.net/KCMS/detail/detail.aspx?FileName=ZMGY201803001&DbCode=CJFQ&DbName=CJFDTEMP
get_page_error:	http://kns.cnki.net/KCMS/detail/detail.aspx?FileName=SZZZ201802001&DbCode=CJFQ&DbName=CJFDTEMP
get_page_error:	http://kns.cnki.net/KCMS/detail/detail.aspx?FileName=SZZZ201802003&DbCode=CJFQ&DbName=CJFDTEMP
get_page_error:	http://kns.cnki.net/KCMS/detail/detail.aspx?FileName=SZZZ201802008&DbCode=CJFQ&DbName=CJFDTEMP
get_page_error:	http://kns.cnki.net/KCMS/detail/detail.aspx?FileName=XDKF201818030&DbCode=CJFQ&DbName=CJFDTEMP
get_page_error:	http://kns.cnki.net/KCMS/detail/detail.aspx?FileName=FQJW201805001&DbCode=CJFQ&DbName=CJFDTEMP
get_page_error:	http://kns.cnki.net/KCMS/detail/detail.aspx?FileName=YSJY201813102&DbCode=CJFQ&DbName=CJFDTEMP
get_page_error:	http://kns.cnki.net/KCMS/detail/detail.aspx?FileName=LFWW201704039&DbCode=CJFQ&DbName=CJFDTEMP
get_page_error:	http://kns.cnki.net/KCMS/detail/detail.aspx?FileName=SDZR201804008&DbCode=CJFQ&DbName=CJFDTEMP
get_page_error:	http://kns.cnki.net/KCMS/detail/detail.aspx?FileName=BIOM201802013&DbCode=CJFQ&DbName=CJFDTEMP
开始爬取第42页！
get_page_error:	http://kns.cnki.net/KCMS/detail/detail.aspx?FileName=RGJT201806036&DbCode=CJFQ&DbName=CJFDTEMP
get_page_error:	http://kns.cnki.net/KCMS/detail/detail.aspx?FileName=SJLC201803024&DbCode=CJFQ&DbName=CJFDTEMP
get_page_error:	http://kns.cnki.net/KCMS/detail/detail.aspx?FileName=LYCY2017Z1051&DbCode=CJFQ&DbName=CJFDTEMP
get_page_error:	http://kns.cnki.net/KCMS/detail/detail.aspx?FileName=LJYX201802012&DbCode=CJFQ&DbName=CJFDTEMP
get_page_error:	http://kns.cnki.net/KCMS/detail/detail.aspx?FileName=GJRZ201807005&DbCode=CJFQ&DbName=CJFDTEMP
get_page_error:	http://kns.cnki.net/KCMS/detail/detail.aspx?FileName=LYCY2017Z1060&DbCode=CJFQ&DbName=CJFDTEMP
get_page_error:	http://kns.cnki.net/KCMS/detail/detail.aspx?FileName=CDDD201802027&DbCode=CJFQ&DbName=CJFDTEMP
get_page_error:	http://kns.cnki.net/KCMS/detail/detail.aspx?FileName=HELJ201813079&DbCode=CJFQ&DbName=CJFDTEMP
get_page_error:	http://kns.cnki.net/KCMS/detail/detail.aspx?FileName=YLKJ201802017&DbCode=CJFQ&DbName=CJFDTEMP
get_page_error:	http://kns.cnki.net/KCMS/detail/detail.aspx?FileName=YLKJ201802016&DbCode=CJFQ&DbName=CJFDTEMP
get_page_error:	http://kns.cnki.net/KCMS/detail/detail.aspx?FileName=SICA201806034&DbCode=CJFQ&DbName=CJFDTEMP
get_page_error:	http://kns.cnki.net/KCMS/detail/detail.aspx?FileName=SICA201806025&DbCode=CJFQ&DbName=CJFDTEMP
get_page_error:	http://kns.cnki.net/KCMS/detail/detail.aspx?FileName=YGCJ201803011&DbCode=CJFQ&DbName=CJFDTEMP
get_page_error:	http://kns.cnki.net/KCMS/detail/detail.aspx?FileName=GFZB201804032&DbCode=CJFQ&DbName=CJFDTEMP
get_page_error:	http://kns.cnki.net/KCMS/detail/detail.aspx?FileName=ZHXJ201807010&DbCode=CJFQ&DbName=CJFDTEMP
get_page_error:	http://kns.cnki.net/KCMS/detail/detail.aspx?FileName=ZHXJ201807042&DbCode=CJFQ&DbName=CJFDTEMP
get_page_error:	http://kns.cnki.net/KCMS/detail/detail.aspx?FileName=FZCB201803016&DbCode=CJFQ&DbName=CJFDTEMP
开始爬取第43页！
get_page_error:	http://kns.cnki.net/KCMS/detail/detail.aspx?FileName=SICA201806039&DbCode=CJFQ&DbName=CJFDTEMP
get_page_error:	http://kns.cnki.net/KCMS/detail/detail.aspx?FileName=ZGXM201807033&DbCode=CJFQ&DbName=CJFDTEMP
get_page_error:	http://kns.cnki.net/KCMS/detail/detail.aspx?FileName=TZJD201807005&DbCode=CJFQ&DbName=CJFDTEMP
get_page_error:	http://kns.cnki.net/KCMS/detail/detail.aspx?FileName=YYZF201813001&DbCode=CJFQ&DbName=CJFDTEMP
get_page_error:	http://kns.cnki.net/KCMS/detail/detail.aspx?FileName=YYZF201813002&DbCode=CJFQ&DbName=CJFDTEMP
get_page_error:	http://kns.cnki.net/KCMS/detail/detail.aspx?FileName=YYZF201813019&DbCode=CJFQ&DbName=CJFDTEMP
get_page_error:	http://kns.cnki.net/KCMS/detail/detail.aspx?FileName=YYZF201813020&DbCode=CJFQ&DbName=CJFDTEMP
get_page_error:	http://kns.cnki.net/KCMS/detail/detail.aspx?FileName=YYZF201813023&DbCode=CJFQ&DbName=CJFDTEMP
get_page_error:	http://kns.cnki.net/KCMS/detail/detail.aspx?FileName=YYZF201813004&DbCode=CJFQ&DbName=CJFDTEMP
get_page_error:	http://kns.cnki.net/KCMS/detail/detail.aspx?FileName=YYZF201813036&DbCode=CJFQ&DbName=CJFDTEMP
get_page_error:	http://kns.cnki.net/KCMS/detail/detail.aspx?FileName=HYUY201805038&DbCode=CJFQ&DbName=CJFDTEMP
get_page_error:	http://kns.cnki.net/KCMS/detail/detail.aspx?FileName=SICA201806022&DbCode=CJFQ&DbName=CJFDTEMP
get_page_error:	http://kns.cnki.net/KCMS/detail/detail.aspx?FileName=SICA201806023&DbCode=CJFQ&DbName=CJFDTEMP
get_page_error:	http://kns.cnki.net/KCMS/detail/detail.aspx?FileName=SICA201806029&DbCode=CJFQ&DbName=CJFDTEMP
get_page_error:	http://kns.cnki.net/KCMS/detail/detail.aspx?FileName=WSBZ201813001&DbCode=CJFQ&DbName=CJFDTEMP
get_page_error:	http://kns.cnki.net/KCMS/detail/detail.aspx?FileName=HQZY201806059&DbCode=CJFQ&DbName=CJFDTEMP
开始爬取第44页！
get_page_error:	http://kns.cnki.net/KCMS/detail/detail.aspx?FileName=XCYY201814046&DbCode=CJFQ&DbName=CJFDTEMP
get_page_error:	http://kns.cnki.net/KCMS/detail/detail.aspx?FileName=GWYZ201802015&DbCode=CJFQ&DbName=CJFDTEMP
get_page_error:	http://kns.cnki.net/KCMS/detail/detail.aspx?FileName=WSFZ201804024&DbCode=CJFQ&DbName=CJFDTEMP
get_page_error:	http://kns.cnki.net/KCMS/detail/detail.aspx?FileName=XDCT201802017&DbCode=CJFQ&DbName=CJFDTEMP
get_page_error:	http://kns.cnki.net/KCMS/detail/detail.aspx?FileName=BFGS201804030&DbCode=CJFQ&DbName=CJFDTEMP
get_page_error:	http://kns.cnki.net/KCMS/detail/detail.aspx?FileName=CGJS201807027&DbCode=CJFQ&DbName=CJFDTEMP
get_page_error:	http://kns.cnki.net/KCMS/detail/detail.aspx?FileName=SJBA201806027&DbCode=CJFQ&DbName=CJFDTEMP
get_page_error:	http://kns.cnki.net/KCMS/detail/detail.aspx?FileName=XYJD201811001&DbCode=CJFQ&DbName=CJFDTEMP
get_page_error:	http://kns.cnki.net/KCMS/detail/detail.aspx?FileName=BFGS201804045&DbCode=CJFQ&DbName=CJFDTEMP
get_page_error:	http://kns.cnki.net/KCMS/detail/detail.aspx?FileName=SJRD201801023&DbCode=CJFQ&DbName=CJFDTEMP
get_page_error:	http://kns.cnki.net/KCMS/detail/detail.aspx?FileName=JSYS201807003&DbCode=CJFQ&DbName=CJFDTEMP
get_page_error:	http://kns.cnki.net/KCMS/detail/detail.aspx?FileName=SJHJ201803023&DbCode=CJFQ&DbName=CJFDTEMP
get_page_error:	http://kns.cnki.net/KCMS/detail/detail.aspx?FileName=SJHJ201803005&DbCode=CJFQ&DbName=CJFDTEMP
开始爬取第45页！
=====sleeping300s=====
get_page_error:	http://kns.cnki.net/KCMS/detail/detail.aspx?FileName=XJJZ201813010&DbCode=CJFQ&DbName=CJFDTEMP
get_page_error:	http://kns.cnki.net/KCMS/detail/detail.aspx?FileName=RLYJ201805024&DbCode=CJFQ&DbName=CJFDTEMP
get_page_error:	http://kns.cnki.net/KCMS/detail/detail.aspx?FileName=RLYJ201805023&DbCode=CJFQ&DbName=CJFDTEMP
get_page_error:	http://kns.cnki.net/KCMS/detail/detail.aspx?FileName=SJHJ201803035&DbCode=CJFQ&DbName=CJFDTEMP
开始爬取第46页！
get_page_error:	http://kns.cnki.net/KCMS/detail/detail.aspx?FileName=ANHU201803033&DbCode=CJFQ&DbName=CJFDTEMP
get_page_error:	http://kns.cnki.net/KCMS/detail/detail.aspx?FileName=HBNB201803029&DbCode=CJFQ&DbName=CJFDTEMP
get_page_error:	http://kns.cnki.net/KCMS/detail/detail.aspx?FileName=NYSC201817040&DbCode=CJFQ&DbName=CJFDTEMP
get_page_error:	http://kns.cnki.net/KCMS/detail/detail.aspx?FileName=NYSC201817042&DbCode=CJFQ&DbName=CJFDTEMP
get_page_error:	http://kns.cnki.net/KCMS/detail/detail.aspx?FileName=YXJI201813025&DbCode=CJFQ&DbName=CJFDTEMP
get_page_error:	http://kns.cnki.net/KCMS/detail/detail.aspx?FileName=YQZZ201802018&DbCode=CJFQ&DbName=CJFDTEMP
get_page_error:	http://kns.cnki.net/KCMS/detail/detail.aspx?FileName=YXXX201812065&DbCode=CJFQ&DbName=CJFDTEMP
get_page_error:	http://kns.cnki.net/KCMS/detail/detail.aspx?FileName=KQYZ201807030&DbCode=CJFQ&DbName=CJFDTEMP
get_page_error:	http://kns.cnki.net/KCMS/detail/detail.aspx?FileName=ZFYB201814081&DbCode=CJFQ&DbName=CJFDTEMP
get_page_error:	http://kns.cnki.net/KCMS/detail/detail.aspx?FileName=ZFYB201814082&DbCode=CJFQ&DbName=CJFDTEMP
开始爬取第47页！
get_page_error:	http://kns.cnki.net/KCMS/detail/detail.aspx?FileName=JTHS201819057&DbCode=CJFQ&DbName=CJFDTEMP
get_page_error:	http://kns.cnki.net/KCMS/detail/detail.aspx?FileName=XCYY201813028&DbCode=CJFQ&DbName=CJFDTEMP
get_page_error:	http://kns.cnki.net/KCMS/detail/detail.aspx?FileName=NYSC201817012&DbCode=CJFQ&DbName=CJFDTEMP
get_page_error:	http://kns.cnki.net/KCMS/detail/detail.aspx?FileName=NDSX201802003&DbCode=CJFQ&DbName=CJFDTEMP
get_page_error:	http://kns.cnki.net/KCMS/detail/detail.aspx?FileName=NYSC201817032&DbCode=CJFQ&DbName=CJFDTEMP
get_page_error:	http://kns.cnki.net/KCMS/detail/detail.aspx?FileName=YXJI201813010&DbCode=CJFQ&DbName=CJFDTEMP
get_page_error:	http://kns.cnki.net/KCMS/detail/detail.aspx?FileName=GDSL201806003&DbCode=CJFQ&DbName=CJFDTEMP
get_page_error:	http://kns.cnki.net/KCMS/detail/detail.aspx?FileName=FJDM201802038&DbCode=CJFQ&DbName=CJFDTEMP
get_page_error:	http://kns.cnki.net/KCMS/detail/detail.aspx?FileName=SJRD201803052&DbCode=CJFQ&DbName=CJFDTEMP
get_page_error:	http://kns.cnki.net/KCMS/detail/detail.aspx?FileName=SJRD201803060&DbCode=CJFQ&DbName=CJFDTEMP
get_page_error:	http://kns.cnki.net/KCMS/detail/detail.aspx?FileName=ZGAF201805019&DbCode=CJFQ&DbName=CJFDTEMP
get_page_error:	http://kns.cnki.net/KCMS/detail/detail.aspx?FileName=HDZJ201807041&DbCode=CJFQ&DbName=CJFDTEMP
get_page_error:	http://kns.cnki.net/KCMS/detail/detail.aspx?FileName=WLZZ201807013&DbCode=CJFQ&DbName=CJFDTEMP
开始爬取第48页！
get_page_error:	http://kns.cnki.net/KCMS/detail/detail.aspx?FileName=ZFYB201813082&DbCode=CJFQ&DbName=CJFDTEMP
get_page_error:	http://kns.cnki.net/KCMS/detail/detail.aspx?FileName=ZFYB201813083&DbCode=CJFQ&DbName=CJFDTEMP
get_page_error:	http://kns.cnki.net/KCMS/detail/detail.aspx?FileName=SJRD201803049&DbCode=CJFQ&DbName=CJFDTEMP
get_page_error:	http://kns.cnki.net/KCMS/detail/detail.aspx?FileName=ZJNY201803001&DbCode=CJFQ&DbName=CJFDTEMP
get_page_error:	http://kns.cnki.net/KCMS/detail/detail.aspx?FileName=SDNH201803002&DbCode=CJFQ&DbName=CJFDTEMP
get_page_error:	http://kns.cnki.net/KCMS/detail/detail.aspx?FileName=NYSB201807001&DbCode=CJFQ&DbName=CJFDTEMP
get_page_error:	http://kns.cnki.net/KCMS/detail/detail.aspx?FileName=NYSB201807021&DbCode=CJFQ&DbName=CJFDTEMP
get_page_error:	http://kns.cnki.net/KCMS/detail/detail.aspx?FileName=XJGY201807044&DbCode=CJFQ&DbName=CJFDTEMP
get_page_error:	http://kns.cnki.net/KCMS/detail/detail.aspx?FileName=XJGY201807049&DbCode=CJFQ&DbName=CJFDTEMP
开始爬取第49页！
get_page_error:	http://kns.cnki.net/KCMS/detail/detail.aspx?FileName=GKGH201804012&DbCode=CJFQ&DbName=CJFDTEMP
get_page_error:	http://kns.cnki.net/KCMS/detail/detail.aspx?FileName=ZGQY201812015&DbCode=CJFQ&DbName=CJFDTEMP
get_page_error:	http://kns.cnki.net/KCMS/detail/detail.aspx?FileName=KJCY201807020&DbCode=CJFQ&DbName=CJFDTEMP
get_page_error:	http://kns.cnki.net/KCMS/detail/detail.aspx?FileName=KJCY201807021&DbCode=CJFQ&DbName=CJFDTEMP
get_page_error:	http://kns.cnki.net/KCMS/detail/detail.aspx?FileName=NMZF201815202&DbCode=CJFQ&DbName=CJFDTEMP
get_page_error:	http://kns.cnki.net/KCMS/detail/detail.aspx?FileName=NMZF201815178&DbCode=CJFQ&DbName=CJFDTEMP
get_page_error:	http://kns.cnki.net/KCMS/detail/detail.aspx?FileName=GZDD201822040&DbCode=CJFQ&DbName=CJFDTEMP
get_page_error:	http://kns.cnki.net/KCMS/detail/detail.aspx?FileName=KJCY201807027&DbCode=CJFQ&DbName=CJFDTEMP
get_page_error:	http://kns.cnki.net/KCMS/detail/detail.aspx?FileName=YYJZ201807005&DbCode=CJFQ&DbName=CJFDTEMP
开始爬取第50页！
get_page_error:	http://kns.cnki.net/KCMS/detail/detail.aspx?FileName=YYJZ201807002&DbCode=CJFQ&DbName=CJFDTEMP
get_page_error:	http://kns.cnki.net/KCMS/detail/detail.aspx?FileName=SYIY201813005&DbCode=CJFQ&DbName=CJFDTEMP
get_page_error:	http://kns.cnki.net/KCMS/detail/detail.aspx?FileName=NMZF201815026&DbCode=CJFQ&DbName=CJFDTEMP
get_page_error:	http://kns.cnki.net/KCMS/detail/detail.aspx?FileName=NMZF201815185&DbCode=CJFQ&DbName=CJFDTEMP
get_page_error:	http://kns.cnki.net/KCMS/detail/detail.aspx?FileName=NMZF201815195&DbCode=CJFQ&DbName=CJFDTEMP
get_page_error:	http://kns.cnki.net/KCMS/detail/detail.aspx?FileName=NMZF201815197&DbCode=CJFQ&DbName=CJFDTEMP
get_page_error:	http://kns.cnki.net/KCMS/detail/detail.aspx?FileName=NMZF201815097&DbCode=CJFQ&DbName=CJFDTEMP
get_page_error:	http://kns.cnki.net/KCMS/detail/detail.aspx?FileName=NMZF201815176&DbCode=CJFQ&DbName=CJFDTEMP
get_page_error:	http://kns.cnki.net/KCMS/detail/detail.aspx?FileName=NMZF201815098&DbCode=CJFQ&DbName=CJFDTEMP
get_page_error:	http://kns.cnki.net/KCMS/detail/detail.aspx?FileName=NMZF201815043&DbCode=CJFQ&DbName=CJFDTEMP
get_page_error:	http://kns.cnki.net/KCMS/detail/detail.aspx?FileName=GXZT201803013&DbCode=CJFQ&DbName=CJFDTEMP
get_page_error:	http://kns.cnki.net/KCMS/detail/detail.aspx?FileName=NMZF201815093&DbCode=CJFQ&DbName=CJFDTEMP
get_page_error:	http://kns.cnki.net/KCMS/detail/detail.aspx?FileName=COOK201806026&DbCode=CJFQ&DbName=CJFDTEMP
get_page_error:	http://kns.cnki.net/KCMS/detail/detail.aspx?FileName=NMZF201815174&DbCode=CJFQ&DbName=CJFDTEMP
get_page_error:	http://kns.cnki.net/KCMS/detail/detail.aspx?FileName=NMZF201815022&DbCode=CJFQ&DbName=CJFDTEMP
get_page_error:	http://kns.cnki.net/KCMS/detail/detail.aspx?FileName=CXKJ201804001&DbCode=CJFQ&DbName=CJFDTEMP
get_page_error:	http://kns.cnki.net/KCMS/detail/detail.aspx?FileName=NMZF201815150&DbCode=CJFQ&DbName=CJFDTEMP
get_page_error:	http://kns.cnki.net/KCMS/detail/detail.aspx?FileName=CAYA201807006&DbCode=CJFQ&DbName=CJFDTEMP
get_page_error:	http://kns.cnki.net/KCMS/detail/detail.aspx?FileName=XBZW201807019&DbCode=CJFQ&DbName=CJFDTEMP
get_page_error:	http://kns.cnki.net/KCMS/detail/detail.aspx?FileName=SDNS201803017&DbCode=CJFQ&DbName=CJFDTEMP
开始爬取第51页！
get_page_error:	http://kns.cnki.net/KCMS/detail/detail.aspx?FileName=QCPJ201819013&DbCode=CJFQ&DbName=CJFDTEMP
get_page_error:	http://kns.cnki.net/KCMS/detail/detail.aspx?FileName=CJJI201807008&DbCode=CJFQ&DbName=CJFDTEMP
get_page_error:	http://kns.cnki.net/KCMS/detail/detail.aspx?FileName=RYKJ201803016&DbCode=CJFQ&DbName=CJFDTEMP
get_page_error:	http://kns.cnki.net/KCMS/detail/detail.aspx?FileName=RYKJ201803015&DbCode=CJFQ&DbName=CJFDTEMP
get_page_error:	http://kns.cnki.net/KCMS/detail/detail.aspx?FileName=SPAJ201813040&DbCode=CJFQ&DbName=CJFDTEMP
get_page_error:	http://kns.cnki.net/KCMS/detail/detail.aspx?FileName=SPAJ201812040&DbCode=CJFQ&DbName=CJFDTEMP
get_page_error:	http://kns.cnki.net/KCMS/detail/detail.aspx?FileName=SPAJ201813054&DbCode=CJFQ&DbName=CJFDTEMP
get_page_error:	http://kns.cnki.net/KCMS/detail/detail.aspx?FileName=SPAJ201813068&DbCode=CJFQ&DbName=CJFDTEMP
get_page_error:	http://kns.cnki.net/KCMS/detail/detail.aspx?FileName=SPAJ201812063&DbCode=CJFQ&DbName=CJFDTEMP
get_page_error:	http://kns.cnki.net/KCMS/detail/detail.aspx?FileName=SPAJ201812072&DbCode=CJFQ&DbName=CJFDTEMP
get_page_error:	http://kns.cnki.net/KCMS/detail/detail.aspx?FileName=SHSW201807011&DbCode=CJFQ&DbName=CJFDTEMP
get_page_error:	http://kns.cnki.net/KCMS/detail/detail.aspx?FileName=FAZI201807001&DbCode=CJFQ&DbName=CJFDTEMP
get_page_error:	http://kns.cnki.net/KCMS/detail/detail.aspx?FileName=NKDB201807025&DbCode=CJFQ&DbName=CJFDTEMP
get_page_error:	http://kns.cnki.net/KCMS/detail/detail.aspx?FileName=HYZG201809003&DbCode=CJFQ&DbName=CJFDTEMP
get_page_error:	http://kns.cnki.net/KCMS/detail/detail.aspx?FileName=BFMY201813040&DbCode=CJFQ&DbName=CJFDTEMP
get_page_error:	http://kns.cnki.net/KCMS/detail/detail.aspx?FileName=GJRC201807025&DbCode=CJFQ&DbName=CJFDTEMP
get_page_error:	http://kns.cnki.net/KCMS/detail/detail.aspx?FileName=HCSY201802014&DbCode=CJFQ&DbName=CJFDTEMP
开始爬取第52页！
get_page_error:	http://kns.cnki.net/KCMS/detail/detail.aspx?FileName=SGLC201804029&DbCode=CJFQ&DbName=CJFDTEMP
get_page_error:	http://kns.cnki.net/KCMS/detail/detail.aspx?FileName=GWHH201807001&DbCode=CJFQ&DbName=CJFDTEMP
get_page_error:	http://kns.cnki.net/KCMS/detail/detail.aspx?FileName=LYSJ201807014&DbCode=CJFQ&DbName=CJFDTEMP
get_page_error:	http://kns.cnki.net/KCMS/detail/detail.aspx?FileName=ZGUD201819062&DbCode=CJFQ&DbName=CJFDTEMP
get_page_error:	http://kns.cnki.net/KCMS/detail/detail.aspx?FileName=XYYX201803001&DbCode=CJFQ&DbName=CJFDTEMP
get_page_error:	http://kns.cnki.net/KCMS/detail/detail.aspx?FileName=XYYX201803020&DbCode=CJFQ&DbName=CJFDTEMP
get_page_error:	http://kns.cnki.net/KCMS/detail/detail.aspx?FileName=NYHN201819014&DbCode=CJFQ&DbName=CJFDTEMP
get_page_error:	http://kns.cnki.net/KCMS/detail/detail.aspx?FileName=NYHN201819018&DbCode=CJFQ&DbName=CJFDTEMP
get_page_error:	http://kns.cnki.net/KCMS/detail/detail.aspx?FileName=YNDX201803031&DbCode=CJFQ&DbName=CJFDTEMP
get_page_error:	http://kns.cnki.net/KCMS/detail/detail.aspx?FileName=AHNB201813064&DbCode=CJFQ&DbName=CJFDTEMP
get_page_error:	http://kns.cnki.net/KCMS/detail/detail.aspx?FileName=NKDB201807024&DbCode=CJFQ&DbName=CJFDTEMP
get_page_error:	http://kns.cnki.net/KCMS/detail/detail.aspx?FileName=GHDQ201803045&DbCode=CJFQ&DbName=CJFDTEMP
get_page_error:	http://kns.cnki.net/KCMS/detail/detail.aspx?FileName=GJRC201807028&DbCode=CJFQ&DbName=CJFDTEMP
开始爬取第53页！
get_page_error:	http://kns.cnki.net/KCMS/detail/detail.aspx?FileName=ZHBY201806004&DbCode=CJFQ&DbName=CJFDTEMP
get_page_error:	http://kns.cnki.net/KCMS/detail/detail.aspx?FileName=JDXX201820023&DbCode=CJFQ&DbName=CJFDTEMP
get_page_error:	http://kns.cnki.net/KCMS/detail/detail.aspx?FileName=KXLU201806048&DbCode=CJFQ&DbName=CJFDTEMP
get_page_error:	http://kns.cnki.net/KCMS/detail/detail.aspx?FileName=SXKJ201804017&DbCode=CJFQ&DbName=CJFDTEMP
get_page_error:	http://kns.cnki.net/KCMS/detail/detail.aspx?FileName=FSDT201827051&DbCode=CJFQ&DbName=CJFDTEMP
get_page_error:	http://kns.cnki.net/KCMS/detail/detail.aspx?FileName=ZLXC201825023&DbCode=CJFQ&DbName=CJFDTEMP
get_page_error:	http://kns.cnki.net/KCMS/detail/detail.aspx?FileName=HNSC201802001&DbCode=CJFQ&DbName=CJFDTEMP
get_page_error:	http://kns.cnki.net/KCMS/detail/detail.aspx?FileName=ZLXC201825005&DbCode=CJFQ&DbName=CJFDTEMP
开始爬取第54页！
get_page_error:	http://kns.cnki.net/KCMS/detail/detail.aspx?FileName=ZZCW201803001&DbCode=CJFQ&DbName=CJFDTEMP
get_page_error:	http://kns.cnki.net/KCMS/detail/detail.aspx?FileName=CRBX201803025&DbCode=CJFQ&DbName=CJFDTEMP
get_page_error:	http://kns.cnki.net/KCMS/detail/detail.aspx?FileName=YXZS201813041&DbCode=CJFQ&DbName=CJFDTEMP
get_page_error:	http://kns.cnki.net/KCMS/detail/detail.aspx?FileName=HLSC201803005&DbCode=CJFQ&DbName=CJFDTEMP
get_page_error:	http://kns.cnki.net/KCMS/detail/detail.aspx?FileName=NCBS201813038&DbCode=CJFQ&DbName=CJFDTEMP
get_page_error:	http://kns.cnki.net/KCMS/detail/detail.aspx?FileName=NJCM201813197&DbCode=CJFQ&DbName=CJFDTEMP
get_page_error:	http://kns.cnki.net/KCMS/detail/detail.aspx?FileName=NYXJ201804023&DbCode=CJFQ&DbName=CJFDTEMP
get_page_error:	http://kns.cnki.net/KCMS/detail/detail.aspx?FileName=NYXJ201804016&DbCode=CJFQ&DbName=CJFDTEMP
get_page_error:	http://kns.cnki.net/KCMS/detail/detail.aspx?FileName=NJCM201813088&DbCode=CJFQ&DbName=CJFDTEMP
开始爬取第55页！
get_page_error:	http://kns.cnki.net/KCMS/detail/detail.aspx?FileName=XJLY201706015&DbCode=CJFQ&DbName=CJFDTEMP
get_page_error:	http://kns.cnki.net/KCMS/detail/detail.aspx?FileName=NCXJ201807008&DbCode=CJFQ&DbName=CJFDTEMP
get_page_error:	http://kns.cnki.net/KCMS/detail/detail.aspx?FileName=HLJN201807045&DbCode=CJFQ&DbName=CJFDTEMP
开始爬取第56页！
get_page_error:	http://kns.cnki.net/KCMS/detail/detail.aspx?FileName=HXFJ201802052&DbCode=CJFQ&DbName=CJFDTEMP
get_page_error:	http://kns.cnki.net/KCMS/detail/detail.aspx?FileName=TALK201801017&DbCode=CJFQ&DbName=CJFDTEMP
get_page_error:	http://kns.cnki.net/KCMS/detail/detail.aspx?FileName=YYSX201808012&DbCode=CJFQ&DbName=CJFDTEMP
get_page_error:	http://kns.cnki.net/KCMS/detail/detail.aspx?FileName=HDKJ201806004&DbCode=CJFQ&DbName=CJFDTEMP
get_page_error:	http://kns.cnki.net/KCMS/detail/detail.aspx?FileName=ZWQW201806020&DbCode=CJFQ&DbName=CJFDTEMP
get_page_error:	http://kns.cnki.net/KCMS/detail/detail.aspx?FileName=LCJJ201806041&DbCode=CJFQ&DbName=CJFDTEMP
开始爬取第57页！
get_page_error:	http://kns.cnki.net/KCMS/detail/detail.aspx?FileName=YLBS201803009&DbCode=CJFQ&DbName=CJFDTEMP
get_page_error:	http://kns.cnki.net/KCMS/detail/detail.aspx?FileName=YLZB201813129&DbCode=CJFQ&DbName=CJFDTEMP
get_page_error:	http://kns.cnki.net/KCMS/detail/detail.aspx?FileName=DEFE201802011&DbCode=CJFQ&DbName=CJFDTEMP
get_page_error:	http://kns.cnki.net/KCMS/detail/detail.aspx?FileName=NHBH201807002&DbCode=CJFQ&DbName=CJFDTEMP
开始爬取第58页！
get_page_error:	http://kns.cnki.net/KCMS/detail/detail.aspx?FileName=JRKR201806016&DbCode=CJFQ&DbName=CJFDTEMP
get_page_error:	http://kns.cnki.net/KCMS/detail/detail.aspx?FileName=ZHOU201807001&DbCode=CJFQ&DbName=CJFDTEMP
get_page_error:	http://kns.cnki.net/KCMS/detail/detail.aspx?FileName=NYSC201818025&DbCode=CJFQ&DbName=CJFDTEMP
get_page_error:	http://kns.cnki.net/KCMS/detail/detail.aspx?FileName=XYWS201814066&DbCode=CJFQ&DbName=CJFDTEMP
get_page_error:	http://kns.cnki.net/KCMS/detail/detail.aspx?FileName=DDYX201803014&DbCode=CJFQ&DbName=CJFDTEMP
get_page_error:	http://kns.cnki.net/KCMS/detail/detail.aspx?FileName=ZGJG201803023&DbCode=CJFQ&DbName=CJFDTEMP
get_page_error:	http://kns.cnki.net/KCMS/detail/detail.aspx?FileName=GDYX201803031&DbCode=CJFQ&DbName=CJFDTEMP
get_page_error:	http://kns.cnki.net/KCMS/detail/detail.aspx?FileName=GDYX201803004&DbCode=CJFQ&DbName=CJFDTEMP
get_page_error:	http://kns.cnki.net/KCMS/detail/detail.aspx?FileName=ZHOU201807027&DbCode=CJFQ&DbName=CJFDTEMP
get_page_error:	http://kns.cnki.net/KCMS/detail/detail.aspx?FileName=YYCY201819001&DbCode=CJFQ&DbName=CJFDTEMP
get_page_error:	http://kns.cnki.net/KCMS/detail/detail.aspx?FileName=CQYX201819034&DbCode=CJFQ&DbName=CJFDTEMP
get_page_error:	http://kns.cnki.net/KCMS/detail/detail.aspx?FileName=YZCL201807016&DbCode=CJFQ&DbName=CJFDTEMP
开始爬取第59页！
get_page_error:	http://kns.cnki.net/KCMS/detail/detail.aspx?FileName=GWXM201807043&DbCode=CJFQ&DbName=CJFDTEMP
get_page_error:	http://kns.cnki.net/KCMS/detail/detail.aspx?FileName=SNCM201807011&DbCode=CJFQ&DbName=CJFDTEMP
get_page_error:	http://kns.cnki.net/KCMS/detail/detail.aspx?FileName=GWXM201807014&DbCode=CJFQ&DbName=CJFDTEMP
get_page_error:	http://kns.cnki.net/KCMS/detail/detail.aspx?FileName=NXLY201803019&DbCode=CJFQ&DbName=CJFDTEMP
get_page_error:	http://kns.cnki.net/KCMS/detail/detail.aspx?FileName=NXLY201803037&DbCode=CJFQ&DbName=CJFDTEMP
get_page_error:	http://kns.cnki.net/KCMS/detail/detail.aspx?FileName=NXLY201803029&DbCode=CJFQ&DbName=CJFDTEMP
get_page_error:	http://kns.cnki.net/KCMS/detail/detail.aspx?FileName=NYSC201818079&DbCode=CJFQ&DbName=CJFDTEMP
开始爬取第60页！
=====sleeping300s=====
get_page_error:	http://kns.cnki.net/KCMS/detail/detail.aspx?FileName=NCXJ201806035&DbCode=CJFQ&DbName=CJFDTEMP
get_page_error:	http://kns.cnki.net/KCMS/detail/detail.aspx?FileName=NCXJ201806030&DbCode=CJFQ&DbName=CJFDTEMP
get_page_error:	http://kns.cnki.net/KCMS/detail/detail.aspx?FileName=ZWBH201804015&DbCode=CJFQ&DbName=CJFDTEMP
get_page_error:	http://kns.cnki.net/KCMS/detail/detail.aspx?FileName=NYSC201818057&DbCode=CJFQ&DbName=CJFDTEMP
get_page_error:	http://kns.cnki.net/KCMS/detail/detail.aspx?FileName=NYSC201818069&DbCode=CJFQ&DbName=CJFDTEMP
get_page_error:	http://kns.cnki.net/KCMS/detail/detail.aspx?FileName=NCBS201814006&DbCode=CJFQ&DbName=CJFDTEMP
get_page_error:	http://kns.cnki.net/KCMS/detail/detail.aspx?FileName=NCXJ201806014&DbCode=CJFQ&DbName=CJFDTEMP
get_page_error:	http://kns.cnki.net/KCMS/detail/detail.aspx?FileName=GXNB201807083&DbCode=CJFQ&DbName=CJFDTEMP
get_page_error:	http://kns.cnki.net/KCMS/detail/detail.aspx?FileName=GXNB201807085&DbCode=CJFQ&DbName=CJFDTEMP
get_page_error:	http://kns.cnki.net/KCMS/detail/detail.aspx?FileName=GXNB201807086&DbCode=CJFQ&DbName=CJFDTEMP
get_page_error:	http://kns.cnki.net/KCMS/detail/detail.aspx?FileName=FZZW201814060&DbCode=CJFQ&DbName=CJFDTEMP
get_page_error:	http://kns.cnki.net/KCMS/detail/detail.aspx?FileName=FZZW201814001&DbCode=CJFQ&DbName=CJFDTEMP
get_page_error:	http://kns.cnki.net/KCMS/detail/detail.aspx?FileName=FZZW201814010&DbCode=CJFQ&DbName=CJFDTEMP
get_page_error:	http://kns.cnki.net/KCMS/detail/detail.aspx?FileName=FZZW201814015&DbCode=CJFQ&DbName=CJFDTEMP
get_page_error:	http://kns.cnki.net/KCMS/detail/detail.aspx?FileName=GXNB201807001&DbCode=CJFQ&DbName=CJFDTEMP
get_page_error:	http://kns.cnki.net/KCMS/detail/detail.aspx?FileName=GXNB201807039&DbCode=CJFQ&DbName=CJFDTEMP
开始爬取第61页！
开始爬取第62页！
开始爬取第63页！
开始爬取第64页！
开始爬取第65页！
开始爬取第66页！
开始爬取第67页！
开始爬取第68页！
开始爬取第69页！
开始爬取第70页！
开始爬取第71页！
开始爬取第72页！
开始爬取第73页！
开始爬取第74页！
开始爬取第75页！
=====sleeping300s=====
开始爬取第76页！
开始爬取第77页！
开始爬取第78页！
开始爬取第79页！
开始爬取第80页！
开始爬取第81页！
开始爬取第82页！
开始爬取第83页！
开始爬取第84页！
开始爬取第85页！
开始爬取第86页！
开始爬取第87页！
开始爬取第88页！
开始爬取第89页！
开始爬取第90页！
=====sleeping300s=====
开始爬取第91页！
开始爬取第92页！
开始爬取第93页！
开始爬取第94页！
开始爬取第95页！
开始爬取第96页！
开始爬取第97页！
开始爬取第98页！
开始爬取第99页！
开始爬取第100页！
开始爬取第101页！
开始爬取第102页！
开始爬取第103页！
开始爬取第104页！
开始爬取第105页！
=====sleeping300s=====
开始爬取第106页！
开始爬取第107页！
开始爬取第108页！
开始爬取第109页！
开始爬取第110页！
开始爬取第111页！
开始爬取第112页！
开始爬取第113页！
开始爬取第114页！
开始爬取第115页！
开始爬取第116页！
开始爬取第117页！
开始爬取第118页！
开始爬取第119页！
cnki_net_spider爬取完毕，脚本退出！
2018-08-17 14:38:03
